/*C83*/SET SCHEMA PUBLIC
INSERT INTO ORGANIZATION VALUES(46,'dsdsd',0,'sdsd','',NULL)
ALTER SEQUENCE PUBLIC.HIBERNATE_SEQUENCE RESTART WITH 47
COMMIT
DELETE FROM ORGANIZATION WHERE ID=46
COMMIT
/*C87*/SET SCHEMA PUBLIC
DISCONNECT
/*C88*/SET SCHEMA PUBLIC
DISCONNECT
/*C85*/SET SCHEMA PUBLIC
DISCONNECT
/*C89*/SET SCHEMA PUBLIC
DISCONNECT
/*C91*/SET SCHEMA PUBLIC
DISCONNECT
/*C84*/SET SCHEMA PUBLIC
DISCONNECT
/*C92*/SET SCHEMA PUBLIC
DISCONNECT
/*C83*/DISCONNECT
/*C86*/SET SCHEMA PUBLIC
DISCONNECT
/*C90*/SET SCHEMA PUBLIC
DISCONNECT
/*C93*/SET SCHEMA PUBLIC
INSERT INTO ORGANIZATION VALUES(47,'dsdsds',0,'New','New',NULL)
ALTER SEQUENCE PUBLIC.HIBERNATE_SEQUENCE RESTART WITH 48
COMMIT
INSERT INTO ORGANIZATION VALUES(48,'dsdsds',0,'New','New',NULL)
ALTER SEQUENCE PUBLIC.HIBERNATE_SEQUENCE RESTART WITH 49
COMMIT
INSERT INTO ORGANIZATION VALUES(49,'dsdsds',0,'New','New',NULL)
ALTER SEQUENCE PUBLIC.HIBERNATE_SEQUENCE RESTART WITH 50
COMMIT
INSERT INTO ORGANIZATION VALUES(50,'dsdsds',0,'New','New',NULL)
ALTER SEQUENCE PUBLIC.HIBERNATE_SEQUENCE RESTART WITH 51
COMMIT
INSERT INTO ORGANIZATION VALUES(51,'dsdsds',0,'New','New',NULL)
ALTER SEQUENCE PUBLIC.HIBERNATE_SEQUENCE RESTART WITH 52
COMMIT
INSERT INTO ORGANIZATION VALUES(52,'dsdsds',0,'New','New',NULL)
ALTER SEQUENCE PUBLIC.HIBERNATE_SEQUENCE RESTART WITH 53
COMMIT
INSERT INTO ORGANIZATION VALUES(53,'dsdsds',0,'New','New',NULL)
ALTER SEQUENCE PUBLIC.HIBERNATE_SEQUENCE RESTART WITH 54
COMMIT
DELETE FROM ORGANIZATION WHERE ID=53
COMMIT
DELETE FROM ORGANIZATION WHERE ID=52
COMMIT
DISCONNECT
/*C95*/SET SCHEMA PUBLIC
DISCONNECT
/*C96*/SET SCHEMA PUBLIC
DISCONNECT
/*C94*/SET SCHEMA PUBLIC
DISCONNECT
/*C100*/SET SCHEMA PUBLIC
DISCONNECT
/*C97*/SET SCHEMA PUBLIC
DISCONNECT
/*C99*/SET SCHEMA PUBLIC
DISCONNECT
/*C101*/SET SCHEMA PUBLIC
DISCONNECT
/*C102*/SET SCHEMA PUBLIC
DISCONNECT
/*C98*/SET SCHEMA PUBLIC
DISCONNECT
/*C103*/SET SCHEMA PUBLIC
INSERT INTO ORGANIZATION VALUES(54,'dsdsds',0,'New','New',NULL)
ALTER SEQUENCE PUBLIC.HIBERNATE_SEQUENCE RESTART WITH 55
COMMIT
INSERT INTO ORGANIZATION VALUES(55,'dsdsds',0,'New','New',NULL)
ALTER SEQUENCE PUBLIC.HIBERNATE_SEQUENCE RESTART WITH 56
COMMIT
INSERT INTO ORGANIZATION VALUES(56,'dsdsds',0,'New','New',NULL)
ALTER SEQUENCE PUBLIC.HIBERNATE_SEQUENCE RESTART WITH 57
COMMIT
INSERT INTO ORGANIZATION VALUES(57,'dsdsds',0,'New','New',NULL)
ALTER SEQUENCE PUBLIC.HIBERNATE_SEQUENCE RESTART WITH 58
COMMIT
INSERT INTO ORGANIZATION VALUES(58,'dsdsds',0,'New','New',NULL)
ALTER SEQUENCE PUBLIC.HIBERNATE_SEQUENCE RESTART WITH 59
COMMIT
INSERT INTO ORGANIZATION VALUES(59,'dsdsds',0,'New','New',NULL)
ALTER SEQUENCE PUBLIC.HIBERNATE_SEQUENCE RESTART WITH 60
COMMIT
INSERT INTO ORGANIZATION VALUES(60,'dsdsds',0,'New','New',NULL)
ALTER SEQUENCE PUBLIC.HIBERNATE_SEQUENCE RESTART WITH 61
COMMIT
DELETE FROM ORGANIZATION WHERE ID=60
COMMIT
DELETE FROM ORGANIZATION WHERE ID=59
COMMIT
DELETE FROM ORGANIZATION WHERE ID=58
COMMIT
DELETE FROM ORGANIZATION WHERE ID=57
COMMIT
DELETE FROM ORGANIZATION WHERE ID=56
COMMIT
DELETE FROM ORGANIZATION WHERE ID=55
COMMIT
DELETE FROM ORGANIZATION WHERE ID=54
COMMIT
DELETE FROM ORGANIZATION WHERE ID=51
COMMIT
DELETE FROM ORGANIZATION WHERE ID=50
COMMIT
DELETE FROM ORGANIZATION WHERE ID=49
COMMIT
DELETE FROM ORGANIZATION WHERE ID=48
COMMIT
DELETE FROM ORGANIZATION WHERE ID=47
COMMIT
DISCONNECT
/*C104*/SET SCHEMA PUBLIC
DISCONNECT
/*C106*/SET SCHEMA PUBLIC
DISCONNECT
/*C108*/SET SCHEMA PUBLIC
DISCONNECT
/*C105*/SET SCHEMA PUBLIC
DISCONNECT
/*C109*/SET SCHEMA PUBLIC
DISCONNECT
/*C110*/SET SCHEMA PUBLIC
DISCONNECT
/*C107*/SET SCHEMA PUBLIC
DISCONNECT
/*C112*/SET SCHEMA PUBLIC
DISCONNECT
/*C111*/SET SCHEMA PUBLIC
DISCONNECT
/*C115*/SET SCHEMA PUBLIC
DISCONNECT
/*C113*/SET SCHEMA PUBLIC
DISCONNECT
/*C114*/SET SCHEMA PUBLIC
DISCONNECT
/*C118*/SET SCHEMA PUBLIC
DISCONNECT
/*C116*/SET SCHEMA PUBLIC
DISCONNECT
/*C117*/SET SCHEMA PUBLIC
DISCONNECT
/*C120*/SET SCHEMA PUBLIC
DISCONNECT
/*C119*/SET SCHEMA PUBLIC
DISCONNECT
/*C122*/SET SCHEMA PUBLIC
DISCONNECT
/*C121*/SET SCHEMA PUBLIC
DISCONNECT
/*C123*/SET SCHEMA PUBLIC
INSERT INTO ORGANIZATION VALUES(61,'',0,'','','')
ALTER SEQUENCE PUBLIC.HIBERNATE_SEQUENCE RESTART WITH 62
COMMIT
DELETE FROM ORGANIZATION WHERE ID=61
COMMIT
DELETE FROM ORGANIZATION WHERE ID=45
COMMIT
INSERT INTO ORGANIZATION VALUES(62,'dsdsd',0,'sdsd','dsdsds',NULL)
ALTER SEQUENCE PUBLIC.HIBERNATE_SEQUENCE RESTART WITH 63
COMMIT
INSERT INTO ORGANIZATION VALUES(63,'dsdsd',0,'sdsd','dsdsds',NULL)
ALTER SEQUENCE PUBLIC.HIBERNATE_SEQUENCE RESTART WITH 64
COMMIT
INSERT INTO ORGANIZATION VALUES(64,'dsdsd',0,'sdsd','dsdsds',NULL)
ALTER SEQUENCE PUBLIC.HIBERNATE_SEQUENCE RESTART WITH 65
COMMIT
INSERT INTO ORGANIZATION VALUES(65,'dsdsd',0,'sdsd','dsdsds',NULL)
ALTER SEQUENCE PUBLIC.HIBERNATE_SEQUENCE RESTART WITH 66
COMMIT
INSERT INTO ORGANIZATION VALUES(66,'dsdsd',0,'sdsd','dsdsds',NULL)
ALTER SEQUENCE PUBLIC.HIBERNATE_SEQUENCE RESTART WITH 67
COMMIT
INSERT INTO ORGANIZATION VALUES(67,'dsdsd',0,'sdsd','dsdsds',NULL)
ALTER SEQUENCE PUBLIC.HIBERNATE_SEQUENCE RESTART WITH 68
COMMIT
INSERT INTO ORGANIZATION VALUES(68,'dsdsd',0,'sdsd','dsdsds',NULL)
ALTER SEQUENCE PUBLIC.HIBERNATE_SEQUENCE RESTART WITH 69
COMMIT
INSERT INTO ORGANIZATION VALUES(69,'dsdsd',0,'sdsd','dsdsds',NULL)
ALTER SEQUENCE PUBLIC.HIBERNATE_SEQUENCE RESTART WITH 70
COMMIT
INSERT INTO ORGANIZATION VALUES(70,'dsdsd',0,'sdsd','dsdsds',NULL)
ALTER SEQUENCE PUBLIC.HIBERNATE_SEQUENCE RESTART WITH 71
COMMIT
DELETE FROM ORGANIZATION WHERE ID=70
COMMIT
DELETE FROM ORGANIZATION WHERE ID=69
COMMIT
DELETE FROM ORGANIZATION WHERE ID=68
COMMIT
DELETE FROM ORGANIZATION WHERE ID=67
COMMIT
DELETE FROM ORGANIZATION WHERE ID=66
COMMIT
DELETE FROM ORGANIZATION WHERE ID=65
COMMIT
DELETE FROM ORGANIZATION WHERE ID=64
COMMIT
DELETE FROM ORGANIZATION WHERE ID=63
COMMIT
DELETE FROM ORGANIZATION WHERE ID=62
COMMIT
/*C126*/SET SCHEMA PUBLIC
DISCONNECT
/*C123*/DISCONNECT
/*C129*/SET SCHEMA PUBLIC
DISCONNECT
/*C124*/SET SCHEMA PUBLIC
DISCONNECT
/*C128*/SET SCHEMA PUBLIC
DISCONNECT
/*C125*/SET SCHEMA PUBLIC
DISCONNECT
/*C130*/SET SCHEMA PUBLIC
DISCONNECT
/*C127*/SET SCHEMA PUBLIC
DISCONNECT
/*C131*/SET SCHEMA PUBLIC
DISCONNECT
/*C132*/SET SCHEMA PUBLIC
DISCONNECT
/*C133*/SET SCHEMA PUBLIC
INSERT INTO ORGANIZATION VALUES(71,'',0,'','','')
ALTER SEQUENCE PUBLIC.HIBERNATE_SEQUENCE RESTART WITH 72
COMMIT
INSERT INTO ORGANIZATION VALUES(72,'dsdsds',0,'New','New',NULL)
ALTER SEQUENCE PUBLIC.HIBERNATE_SEQUENCE RESTART WITH 73
COMMIT
INSERT INTO ORGANIZATION VALUES(73,'dsdsds',0,'New','New',NULL)
ALTER SEQUENCE PUBLIC.HIBERNATE_SEQUENCE RESTART WITH 74
COMMIT
INSERT INTO ORGANIZATION VALUES(74,'dsdsds',0,'New','New',NULL)
ALTER SEQUENCE PUBLIC.HIBERNATE_SEQUENCE RESTART WITH 75
COMMIT
INSERT INTO ORGANIZATION VALUES(75,'dsdsds',0,'New','New',NULL)
ALTER SEQUENCE PUBLIC.HIBERNATE_SEQUENCE RESTART WITH 76
COMMIT
INSERT INTO ORGANIZATION VALUES(76,'dsdsds',0,'New','New',NULL)
ALTER SEQUENCE PUBLIC.HIBERNATE_SEQUENCE RESTART WITH 77
COMMIT
INSERT INTO ORGANIZATION VALUES(77,'dsdsds',0,'New','New',NULL)
ALTER SEQUENCE PUBLIC.HIBERNATE_SEQUENCE RESTART WITH 78
COMMIT
INSERT INTO ORGANIZATION VALUES(78,'dsdsds',0,'New','New',NULL)
ALTER SEQUENCE PUBLIC.HIBERNATE_SEQUENCE RESTART WITH 79
COMMIT
INSERT INTO ORGANIZATION VALUES(79,'dsdsds',0,'New','New',NULL)
ALTER SEQUENCE PUBLIC.HIBERNATE_SEQUENCE RESTART WITH 80
COMMIT
INSERT INTO ORGANIZATION VALUES(80,'dsdsds',0,'New','New',NULL)
ALTER SEQUENCE PUBLIC.HIBERNATE_SEQUENCE RESTART WITH 81
COMMIT
INSERT INTO ORGANIZATION VALUES(81,'dsdsds',0,'New','New',NULL)
ALTER SEQUENCE PUBLIC.HIBERNATE_SEQUENCE RESTART WITH 82
COMMIT
INSERT INTO ORGANIZATION VALUES(82,'dsdsds',0,'New','New',NULL)
ALTER SEQUENCE PUBLIC.HIBERNATE_SEQUENCE RESTART WITH 83
COMMIT
INSERT INTO ORGANIZATION VALUES(83,'dsdsds',0,'New','New',NULL)
ALTER SEQUENCE PUBLIC.HIBERNATE_SEQUENCE RESTART WITH 84
COMMIT
INSERT INTO ORGANIZATION VALUES(84,'dsdsds',0,'New','New',NULL)
ALTER SEQUENCE PUBLIC.HIBERNATE_SEQUENCE RESTART WITH 85
COMMIT
INSERT INTO ORGANIZATION VALUES(85,'dsdsds',0,'New','New',NULL)
ALTER SEQUENCE PUBLIC.HIBERNATE_SEQUENCE RESTART WITH 86
COMMIT
INSERT INTO ORGANIZATION VALUES(86,'dsdsds',0,'New','New',NULL)
ALTER SEQUENCE PUBLIC.HIBERNATE_SEQUENCE RESTART WITH 87
COMMIT
INSERT INTO ORGANIZATION VALUES(87,'dsdsds',0,'New','New',NULL)
ALTER SEQUENCE PUBLIC.HIBERNATE_SEQUENCE RESTART WITH 88
COMMIT
INSERT INTO ORGANIZATION VALUES(88,'dsdsds',0,'New','New',NULL)
ALTER SEQUENCE PUBLIC.HIBERNATE_SEQUENCE RESTART WITH 89
COMMIT
INSERT INTO ORGANIZATION VALUES(89,'dsdsds',0,'New','New',NULL)
ALTER SEQUENCE PUBLIC.HIBERNATE_SEQUENCE RESTART WITH 90
COMMIT
INSERT INTO ORGANIZATION VALUES(90,'dsdsds',0,'New','New',NULL)
ALTER SEQUENCE PUBLIC.HIBERNATE_SEQUENCE RESTART WITH 91
COMMIT
DELETE FROM ORGANIZATION WHERE ID=90
COMMIT
DELETE FROM ORGANIZATION WHERE ID=89
COMMIT
DELETE FROM ORGANIZATION WHERE ID=18
COMMIT
DELETE FROM ORGANIZATION WHERE ID=88
COMMIT
DELETE FROM ORGANIZATION WHERE ID=87
COMMIT
DELETE FROM ORGANIZATION WHERE ID=86
COMMIT
DELETE FROM ORGANIZATION WHERE ID=85
COMMIT
DELETE FROM ORGANIZATION WHERE ID=84
COMMIT
DELETE FROM ORGANIZATION WHERE ID=83
COMMIT
DELETE FROM ORGANIZATION WHERE ID=82
COMMIT
DELETE FROM ORGANIZATION WHERE ID=81
COMMIT
DELETE FROM ORGANIZATION WHERE ID=71
COMMIT
DELETE FROM ORGANIZATION WHERE ID=80
COMMIT
DELETE FROM ORGANIZATION WHERE ID=79
COMMIT
DELETE FROM ORGANIZATION WHERE ID=78
COMMIT
DELETE FROM ORGANIZATION WHERE ID=77
COMMIT
DELETE FROM ORGANIZATION WHERE ID=76
COMMIT
DELETE FROM ORGANIZATION WHERE ID=75
COMMIT
DELETE FROM ORGANIZATION WHERE ID=74
COMMIT
DELETE FROM ORGANIZATION WHERE ID=73
COMMIT
DELETE FROM ORGANIZATION WHERE ID=72
COMMIT
DELETE FROM ORGANIZATION WHERE ID=31
COMMIT
DISCONNECT
/*C137*/SET SCHEMA PUBLIC
DISCONNECT
/*C134*/SET SCHEMA PUBLIC
DISCONNECT
/*C135*/SET SCHEMA PUBLIC
DISCONNECT
/*C138*/SET SCHEMA PUBLIC
DISCONNECT
/*C140*/SET SCHEMA PUBLIC
DISCONNECT
/*C136*/SET SCHEMA PUBLIC
DISCONNECT
/*C139*/SET SCHEMA PUBLIC
DISCONNECT
/*C142*/SET SCHEMA PUBLIC
DISCONNECT
/*C141*/SET SCHEMA PUBLIC
DISCONNECT
/*C143*/SET SCHEMA PUBLIC
INSERT INTO ORGANIZATION VALUES(91,'',0,'','','')
ALTER SEQUENCE PUBLIC.HIBERNATE_SEQUENCE RESTART WITH 92
COMMIT
DELETE FROM ORGANIZATION WHERE ID=91
COMMIT
DISCONNECT
/*C146*/SET SCHEMA PUBLIC
DISCONNECT
/*C145*/SET SCHEMA PUBLIC
DISCONNECT
/*C144*/SET SCHEMA PUBLIC
DISCONNECT
/*C148*/SET SCHEMA PUBLIC
DISCONNECT
/*C147*/SET SCHEMA PUBLIC
DISCONNECT
/*C149*/SET SCHEMA PUBLIC
DISCONNECT
/*C150*/SET SCHEMA PUBLIC
DISCONNECT
/*C151*/SET SCHEMA PUBLIC
DISCONNECT
/*C152*/SET SCHEMA PUBLIC
DISCONNECT
/*C153*/SET SCHEMA PUBLIC
INSERT INTO ORGANIZATION VALUES(92,'',0,'','','')
ALTER SEQUENCE PUBLIC.HIBERNATE_SEQUENCE RESTART WITH 93
COMMIT
DELETE FROM ORGANIZATION WHERE ID=92
COMMIT
DISCONNECT
